This file contains any messages produced by compilers while
running configure, to aid debugging if configure makes a mistake.

It was created by HTSlib configure 1.4.1, which was
generated by GNU Autoconf 2.69.  Invocation command line was

  $ ./configure --disable-bz2 --disable-lzma --enable-libcurl

## --------- ##
## Platform. ##
## --------- ##

hostname = guru
uname -m = x86_64
uname -r = 4.15.0-52-generic
uname -s = Linux
uname -v = #56~16.04.1-Ubuntu SMP Thu Jun 6 12:03:31 UTC 2019

/usr/bin/uname -p = unknown
/bin/uname -X     = unknown

/bin/arch              = unknown
/usr/bin/arch -k       = unknown
/usr/convex/getsysinfo = unknown
/usr/bin/hostinfo      = unknown
/bin/machine           = unknown
/usr/bin/oslevel       = unknown
/bin/universe          = unknown

PATH: /home1/wangchenfei/bin
PATH: /home1/wangchenfei/.local/bin
PATH: /home1/wangchenfei/miniconda3/bin
PATH: /home1/wangchenfei/Tool/cellranger-atac-1.1.0
PATH: /home1/wangchenfei/Tool/cellranger-3.0.2
PATH: /root/sratoolkit.2.9.6-1-ubuntu64/bin/
PATH: /home1/share/software/moabs-v1.3.4.src.x86_64_Linux.data/bin/
PATH: /usr/local/sbin
PATH: /usr/local/bin
PATH: /usr/sbin
PATH: /usr/bin
PATH: /sbin
PATH: /bin
PATH: /usr/games
PATH: /usr/local/games


## ----------- ##
## Core tests. ##
## ----------- ##

configure:2164: checking for gcc
configure:2180: found /usr/bin/gcc
configure:2191: result: gcc
configure:2420: checking for C compiler version
configure:2429: gcc --version >&5
gcc (Ubuntu 5.4.0-6ubuntu1~16.04.11) 5.4.0 20160609
Copyright (C) 2015 Free Software Foundation, Inc.
This is free software; see the source for copying conditions.  There is NO
warranty; not even for MERCHANTABILITY or FITNESS FOR A PARTICULAR PURPOSE.

configure:2440: $? = 0
configure:2429: gcc -v >&5
Using built-in specs.
COLLECT_GCC=gcc
COLLECT_LTO_WRAPPER=/usr/lib/gcc/x86_64-linux-gnu/5/lto-wrapper
Target: x86_64-linux-gnu
Configured with: ../src/configure -v --with-pkgversion='Ubuntu 5.4.0-6ubuntu1~16.04.11' --with-bugurl=file:///usr/share/doc/gcc-5/README.Bugs --enable-languages=c,ada,c++,java,go,d,fortran,objc,obj-c++ --prefix=/usr --program-suffix=-5 --enable-shared --enable-linker-build-id --libexecdir=/usr/lib --without-included-gettext --enable-threads=posix --libdir=/usr/lib --enable-nls --with-sysroot=/ --enable-clocale=gnu --enable-libstdcxx-debug --enable-libstdcxx-time=yes --with-default-libstdcxx-abi=new --enable-gnu-unique-object --disable-vtable-verify --enable-libmpx --enable-plugin --with-system-zlib --disable-browser-plugin --enable-java-awt=gtk --enable-gtk-cairo --with-java-home=/usr/lib/jvm/java-1.5.0-gcj-5-amd64/jre --enable-java-home --with-jvm-root-dir=/usr/lib/jvm/java-1.5.0-gcj-5-amd64 --with-jvm-jar-dir=/usr/lib/jvm-exports/java-1.5.0-gcj-5-amd64 --with-arch-directory=amd64 --with-ecj-jar=/usr/share/java/eclipse-ecj.jar --enable-objc-gc --enable-multiarch --disable-werror --with-arch-32=i686 --with-abi=m64 --with-multilib-list=m32,m64,mx32 --enable-multilib --with-tune=generic --enable-checking=release --build=x86_64-linux-gnu --host=x86_64-linux-gnu --target=x86_64-linux-gnu
Thread model: posix
gcc version 5.4.0 20160609 (Ubuntu 5.4.0-6ubuntu1~16.04.11) 
configure:2440: $? = 0
configure:2429: gcc -V >&5
gcc: error: unrecognized command line option '-V'
gcc: fatal error: no input files
compilation terminated.
configure:2440: $? = 1
configure:2429: gcc -qversion >&5
gcc: error: unrecognized command line option '-qversion'
gcc: fatal error: no input files
compilation terminated.
configure:2440: $? = 1
configure:2460: checking whether the C compiler works
configure:2482: gcc    conftest.c  >&5
configure:2486: $? = 0
configure:2534: result: yes
configure:2537: checking for C compiler default output file name
configure:2539: result: a.out
configure:2545: checking for suffix of executables
configure:2552: gcc -o conftest    conftest.c  >&5
configure:2556: $? = 0
configure:2578: result: 
configure:2600: checking whether we are cross compiling
configure:2608: gcc -o conftest    conftest.c  >&5
configure:2612: $? = 0
configure:2619: ./conftest
configure:2623: $? = 0
configure:2638: result: no
configure:2643: checking for suffix of object files
configure:2665: gcc -c   conftest.c >&5
configure:2669: $? = 0
configure:2690: result: o
configure:2694: checking whether we are using the GNU C compiler
configure:2713: gcc -c   conftest.c >&5
configure:2713: $? = 0
configure:2722: result: yes
configure:2731: checking whether gcc accepts -g
configure:2751: gcc -c -g  conftest.c >&5
configure:2751: $? = 0
configure:2792: result: yes
configure:2809: checking for gcc option to accept ISO C89
configure:2872: gcc  -c -g -O2  conftest.c >&5
configure:2872: $? = 0
configure:2885: result: none needed
configure:2948: checking for ranlib
configure:2964: found /usr/bin/ranlib
configure:2975: result: ranlib
configure:3052: checking for pkg-config
configure:3070: found /usr/bin/pkg-config
configure:3082: result: /usr/bin/pkg-config
configure:3107: checking pkg-config is at least version 0.9.0
configure:3110: result: yes
configure:3149: checking for special C compiler options needed for large files
configure:3194: result: no
configure:3200: checking for _FILE_OFFSET_BITS value needed for large files
configure:3225: gcc -c -g -O2  conftest.c >&5
configure:3225: $? = 0
configure:3257: result: no
configure:3403: checking shared library type
configure:3423: result: plain .so
configure:3432: checking how to run the C preprocessor
configure:3463: gcc -E  conftest.c
configure:3463: $? = 0
configure:3477: gcc -E  conftest.c
conftest.c:9:28: fatal error: ac_nonexistent.h: No such file or directory
compilation terminated.
configure:3477: $? = 1
configure: failed program was:
| /* confdefs.h */
| #define PACKAGE_NAME "HTSlib"
| #define PACKAGE_TARNAME "htslib"
| #define PACKAGE_VERSION "1.4.1"
| #define PACKAGE_STRING "HTSlib 1.4.1"
| #define PACKAGE_BUGREPORT "samtools-help@lists.sourceforge.net"
| #define PACKAGE_URL "http://www.htslib.org/"
| /* end confdefs.h.  */
| #include <ac_nonexistent.h>
configure:3502: result: gcc -E
configure:3522: gcc -E  conftest.c
configure:3522: $? = 0
configure:3536: gcc -E  conftest.c
conftest.c:9:28: fatal error: ac_nonexistent.h: No such file or directory
compilation terminated.
configure:3536: $? = 1
configure: failed program was:
| /* confdefs.h */
| #define PACKAGE_NAME "HTSlib"
| #define PACKAGE_TARNAME "htslib"
| #define PACKAGE_VERSION "1.4.1"
| #define PACKAGE_STRING "HTSlib 1.4.1"
| #define PACKAGE_BUGREPORT "samtools-help@lists.sourceforge.net"
| #define PACKAGE_URL "http://www.htslib.org/"
| /* end confdefs.h.  */
| #include <ac_nonexistent.h>
configure:3565: checking for grep that handles long lines and -e
configure:3623: result: /bin/grep
configure:3628: checking for egrep
configure:3690: result: /bin/grep -E
configure:3695: checking for ANSI C header files
configure:3715: gcc -c -g -O2  conftest.c >&5
configure:3715: $? = 0
configure:3788: gcc -o conftest -g -O2   conftest.c  >&5
configure:3788: $? = 0
configure:3788: ./conftest
configure:3788: $? = 0
configure:3799: result: yes
configure:3812: checking for sys/types.h
configure:3812: gcc -c -g -O2  conftest.c >&5
configure:3812: $? = 0
configure:3812: result: yes
configure:3812: checking for sys/stat.h
configure:3812: gcc -c -g -O2  conftest.c >&5
configure:3812: $? = 0
configure:3812: result: yes
configure:3812: checking for stdlib.h
configure:3812: gcc -c -g -O2  conftest.c >&5
configure:3812: $? = 0
configure:3812: result: yes
configure:3812: checking for string.h
configure:3812: gcc -c -g -O2  conftest.c >&5
configure:3812: $? = 0
configure:3812: result: yes
configure:3812: checking for memory.h
configure:3812: gcc -c -g -O2  conftest.c >&5
configure:3812: $? = 0
configure:3812: result: yes
configure:3812: checking for strings.h
configure:3812: gcc -c -g -O2  conftest.c >&5
configure:3812: $? = 0
configure:3812: result: yes
configure:3812: checking for inttypes.h
configure:3812: gcc -c -g -O2  conftest.c >&5
configure:3812: $? = 0
configure:3812: result: yes
configure:3812: checking for stdint.h
configure:3812: gcc -c -g -O2  conftest.c >&5
configure:3812: $? = 0
configure:3812: result: yes
configure:3812: checking for unistd.h
configure:3812: gcc -c -g -O2  conftest.c >&5
configure:3812: $? = 0
configure:3812: result: yes
configure:3830: checking for stdlib.h
configure:3830: result: yes
configure:3830: checking for unistd.h
configure:3830: result: yes
configure:3830: checking for sys/param.h
configure:3830: gcc -c -g -O2  conftest.c >&5
configure:3830: $? = 0
configure:3830: result: yes
configure:3850: checking for getpagesize
configure:3850: gcc -o conftest -g -O2   conftest.c  >&5
configure:3850: $? = 0
configure:3850: result: yes
configure:3859: checking for working mmap
configure:4006: gcc -o conftest -g -O2   conftest.c  >&5
configure:4006: $? = 0
configure:4006: ./conftest
configure:4006: $? = 0
configure:4016: result: yes
configure:4027: checking for gmtime_r
configure:4027: gcc -o conftest -g -O2   conftest.c  >&5
configure:4027: $? = 0
configure:4027: result: yes
configure:4039: checking whether fdatasync is declared
configure:4039: gcc -c -g -O2  conftest.c >&5
configure:4039: $? = 0
configure:4039: result: yes
configure:4043: checking for fdatasync
configure:4043: gcc -o conftest -g -O2   conftest.c  >&5
configure:4043: $? = 0
configure:4043: result: yes
configure:4134: checking for library containing log
configure:4165: gcc -o conftest -g -O2   conftest.c  >&5
conftest.c:33:6: warning: conflicting types for built-in function 'log'
 char log ();
      ^
/tmp/cc83jK0c.o: In function `main':
/home1/wangchenfei/Project/SingleCell/scATAC/Code/MASTER/pkg/giggle/lib/htslib/conftest.c:37: undefined reference to `log'
collect2: error: ld returned 1 exit status
configure:4165: $? = 1
configure: failed program was:
| /* confdefs.h */
| #define PACKAGE_NAME "HTSlib"
| #define PACKAGE_TARNAME "htslib"
| #define PACKAGE_VERSION "1.4.1"
| #define PACKAGE_STRING "HTSlib 1.4.1"
| #define PACKAGE_BUGREPORT "samtools-help@lists.sourceforge.net"
| #define PACKAGE_URL "http://www.htslib.org/"
| #define STDC_HEADERS 1
| #define HAVE_SYS_TYPES_H 1
| #define HAVE_SYS_STAT_H 1
| #define HAVE_STDLIB_H 1
| #define HAVE_STRING_H 1
| #define HAVE_MEMORY_H 1
| #define HAVE_STRINGS_H 1
| #define HAVE_INTTYPES_H 1
| #define HAVE_STDINT_H 1
| #define HAVE_UNISTD_H 1
| #define HAVE_STDLIB_H 1
| #define HAVE_UNISTD_H 1
| #define HAVE_SYS_PARAM_H 1
| #define HAVE_GETPAGESIZE 1
| #define HAVE_MMAP 1
| #define HAVE_GMTIME_R 1
| #define HAVE_FDATASYNC 1
| /* end confdefs.h.  */
| 
| /* Override any GCC internal prototype to avoid an error.
|    Use char because int might match the return type of a GCC
|    builtin and then its argument prototype would still apply.  */
| #ifdef __cplusplus
| extern "C"
| #endif
| char log ();
| int
| main ()
| {
| return log ();
|   ;
|   return 0;
| }
configure:4165: gcc -o conftest -g -O2   conftest.c -lm   >&5
conftest.c:33:6: warning: conflicting types for built-in function 'log'
 char log ();
      ^
configure:4165: $? = 0
configure:4182: result: -lm
configure:4197: checking for zlib.h
configure:4197: gcc -c -g -O2  conftest.c >&5
configure:4197: $? = 0
configure:4197: result: yes
configure:4206: checking for inflate in -lz
configure:4231: gcc -o conftest -g -O2   conftest.c -lz  -lm  >&5
configure:4231: $? = 0
configure:4240: result: yes
configure:4267: checking for library containing connect
configure:4298: gcc -o conftest -g -O2   conftest.c -lz -lm  >&5
configure:4298: $? = 0
configure:4315: result: none required
configure:4483: checking for curl_easy_pause in -lcurl
configure:4508: gcc -o conftest -g -O2   conftest.c -lcurl  -lz -lm  >&5
configure:4508: $? = 0
configure:4517: result: yes
configure:4633: checking for CCHmac
configure:4633: gcc -o conftest -g -O2   conftest.c -lz -lm  >&5
/tmp/ccTqbNQH.o: In function `main':
/home1/wangchenfei/Project/SingleCell/scATAC/Code/MASTER/pkg/giggle/lib/htslib/conftest.c:63: undefined reference to `CCHmac'
collect2: error: ld returned 1 exit status
configure:4633: $? = 1
configure: failed program was:
| /* confdefs.h */
| #define PACKAGE_NAME "HTSlib"
| #define PACKAGE_TARNAME "htslib"
| #define PACKAGE_VERSION "1.4.1"
| #define PACKAGE_STRING "HTSlib 1.4.1"
| #define PACKAGE_BUGREPORT "samtools-help@lists.sourceforge.net"
| #define PACKAGE_URL "http://www.htslib.org/"
| #define STDC_HEADERS 1
| #define HAVE_SYS_TYPES_H 1
| #define HAVE_SYS_STAT_H 1
| #define HAVE_STDLIB_H 1
| #define HAVE_STRING_H 1
| #define HAVE_MEMORY_H 1
| #define HAVE_STRINGS_H 1
| #define HAVE_INTTYPES_H 1
| #define HAVE_STDINT_H 1
| #define HAVE_UNISTD_H 1
| #define HAVE_STDLIB_H 1
| #define HAVE_UNISTD_H 1
| #define HAVE_SYS_PARAM_H 1
| #define HAVE_GETPAGESIZE 1
| #define HAVE_MMAP 1
| #define HAVE_GMTIME_R 1
| #define HAVE_FDATASYNC 1
| #define HAVE_LIBZ 1
| #define HAVE_LIBCURL 1
| #define ENABLE_GCS 1
| /* end confdefs.h.  */
| /* Define CCHmac to an innocuous variant, in case <limits.h> declares CCHmac.
|    For example, HP-UX 11i <limits.h> declares gettimeofday.  */
| #define CCHmac innocuous_CCHmac
| 
| /* System header to define __stub macros and hopefully few prototypes,
|     which can conflict with char CCHmac (); below.
|     Prefer <limits.h> to <assert.h> if __STDC__ is defined, since
|     <limits.h> exists even on freestanding compilers.  */
| 
| #ifdef __STDC__
| # include <limits.h>
| #else
| # include <assert.h>
| #endif
| 
| #undef CCHmac
| 
| /* Override any GCC internal prototype to avoid an error.
|    Use char because int might match the return type of a GCC
|    builtin and then its argument prototype would still apply.  */
| #ifdef __cplusplus
| extern "C"
| #endif
| char CCHmac ();
| /* The GNU C library defines this for functions which it implements
|     to always fail with ENOSYS.  Some functions are actually named
|     something starting with __ and the normal name is an alias.  */
| #if defined __stub_CCHmac || defined __stub___CCHmac
| choke me
| #endif
| 
| int
| main ()
| {
| return CCHmac ();
|   ;
|   return 0;
| }
configure:4633: result: no
configure:4640: checking for library containing HMAC
configure:4671: gcc -o conftest -g -O2   conftest.c -lz -lm  >&5
/tmp/ccDISBNO.o: In function `main':
/home1/wangchenfei/Project/SingleCell/scATAC/Code/MASTER/pkg/giggle/lib/htslib/conftest.c:40: undefined reference to `HMAC'
collect2: error: ld returned 1 exit status
configure:4671: $? = 1
configure: failed program was:
| /* confdefs.h */
| #define PACKAGE_NAME "HTSlib"
| #define PACKAGE_TARNAME "htslib"
| #define PACKAGE_VERSION "1.4.1"
| #define PACKAGE_STRING "HTSlib 1.4.1"
| #define PACKAGE_BUGREPORT "samtools-help@lists.sourceforge.net"
| #define PACKAGE_URL "http://www.htslib.org/"
| #define STDC_HEADERS 1
| #define HAVE_SYS_TYPES_H 1
| #define HAVE_SYS_STAT_H 1
| #define HAVE_STDLIB_H 1
| #define HAVE_STRING_H 1
| #define HAVE_MEMORY_H 1
| #define HAVE_STRINGS_H 1
| #define HAVE_INTTYPES_H 1
| #define HAVE_STDINT_H 1
| #define HAVE_UNISTD_H 1
| #define HAVE_STDLIB_H 1
| #define HAVE_UNISTD_H 1
| #define HAVE_SYS_PARAM_H 1
| #define HAVE_GETPAGESIZE 1
| #define HAVE_MMAP 1
| #define HAVE_GMTIME_R 1
| #define HAVE_FDATASYNC 1
| #define HAVE_LIBZ 1
| #define HAVE_LIBCURL 1
| #define ENABLE_GCS 1
| /* end confdefs.h.  */
| 
| /* Override any GCC internal prototype to avoid an error.
|    Use char because int might match the return type of a GCC
|    builtin and then its argument prototype would still apply.  */
| #ifdef __cplusplus
| extern "C"
| #endif
| char HMAC ();
| int
| main ()
| {
| return HMAC ();
|   ;
|   return 0;
| }
configure:4671: gcc -o conftest -g -O2   conftest.c -lcrypto  -lz -lm  >&5
configure:4671: $? = 0
configure:4688: result: -lcrypto
configure:4854: creating ./config.status

## ---------------------- ##
## Running config.status. ##
## ---------------------- ##

This file was extended by HTSlib config.status 1.4.1, which was
generated by GNU Autoconf 2.69.  Invocation command line was

  CONFIG_FILES    = 
  CONFIG_HEADERS  = 
  CONFIG_LINKS    = 
  CONFIG_COMMANDS = 
  $ ./config.status 

on guru

config.status:828: creating config.mk
config.status:828: creating htslib.pc.tmp
config.status:828: creating config.h
config.status:998: config.h is unchanged

## ---------------- ##
## Cache variables. ##
## ---------------- ##

ac_cv_c_compiler_gnu=yes
ac_cv_env_CC_set=
ac_cv_env_CC_value=
ac_cv_env_CFLAGS_set=
ac_cv_env_CFLAGS_value=
ac_cv_env_CPPFLAGS_set=
ac_cv_env_CPPFLAGS_value=
ac_cv_env_CPP_set=
ac_cv_env_CPP_value=
ac_cv_env_LDFLAGS_set=
ac_cv_env_LDFLAGS_value=
ac_cv_env_LIBS_set=
ac_cv_env_LIBS_value=
ac_cv_env_PKG_CONFIG_LIBDIR_set=
ac_cv_env_PKG_CONFIG_LIBDIR_value=
ac_cv_env_PKG_CONFIG_PATH_set=
ac_cv_env_PKG_CONFIG_PATH_value=
ac_cv_env_PKG_CONFIG_set=
ac_cv_env_PKG_CONFIG_value=
ac_cv_env_build_alias_set=
ac_cv_env_build_alias_value=
ac_cv_env_host_alias_set=
ac_cv_env_host_alias_value=
ac_cv_env_target_alias_set=
ac_cv_env_target_alias_value=
ac_cv_func_CCHmac=no
ac_cv_func_fdatasync=yes
ac_cv_func_getpagesize=yes
ac_cv_func_gmtime_r=yes
ac_cv_func_mmap_fixed_mapped=yes
ac_cv_have_decl_fdatasync_int_=yes
ac_cv_header_inttypes_h=yes
ac_cv_header_memory_h=yes
ac_cv_header_stdc=yes
ac_cv_header_stdint_h=yes
ac_cv_header_stdlib_h=yes
ac_cv_header_string_h=yes
ac_cv_header_strings_h=yes
ac_cv_header_sys_param_h=yes
ac_cv_header_sys_stat_h=yes
ac_cv_header_sys_types_h=yes
ac_cv_header_unistd_h=yes
ac_cv_header_zlib_h=yes
ac_cv_lib_curl_curl_easy_pause=yes
ac_cv_lib_z_inflate=yes
ac_cv_objext=o
ac_cv_path_EGREP='/bin/grep -E'
ac_cv_path_GREP=/bin/grep
ac_cv_path_ac_pt_PKG_CONFIG=/usr/bin/pkg-config
ac_cv_prog_CPP='gcc -E'
ac_cv_prog_ac_ct_CC=gcc
ac_cv_prog_ac_ct_RANLIB=ranlib
ac_cv_prog_cc_c89=
ac_cv_prog_cc_g=yes
ac_cv_search_HMAC=-lcrypto
ac_cv_search_connect='none required'
ac_cv_search_log=-lm
ac_cv_sys_file_offset_bits=no
ac_cv_sys_largefile_CC=no

## ----------------- ##
## Output variables. ##
## ----------------- ##

CC='gcc'
CFLAGS='-g -O2'
CPP='gcc -E'
CPPFLAGS=''
CRYPTO_LIBS='-lcrypto'
DEFS='-DHAVE_CONFIG_H'
ECHO_C=''
ECHO_N='-n'
ECHO_T=''
EGREP='/bin/grep -E'
EXEEXT=''
GREP='/bin/grep'
LDFLAGS=''
LIBOBJS=''
LIBS='-lz -lm '
LTLIBOBJS=''
OBJEXT='o'
PACKAGE_BUGREPORT='samtools-help@lists.sourceforge.net'
PACKAGE_NAME='HTSlib'
PACKAGE_STRING='HTSlib 1.4.1'
PACKAGE_TARNAME='htslib'
PACKAGE_URL='http://www.htslib.org/'
PACKAGE_VERSION='1.4.1'
PATH_SEPARATOR=':'
PKG_CONFIG='/usr/bin/pkg-config'
PKG_CONFIG_LIBDIR=''
PKG_CONFIG_PATH=''
PLATFORM='default'
PLUGIN_EXT='.so'
RANLIB='ranlib'
SHELL='/bin/bash'
ac_ct_CC='gcc'
bindir='${exec_prefix}/bin'
build_alias=''
datadir='${datarootdir}'
datarootdir='${prefix}/share'
docdir='${datarootdir}/doc/${PACKAGE_TARNAME}'
dvidir='${docdir}'
enable_plugins='no'
exec_prefix='${prefix}'
gcs='enabled'
host_alias='unknown-Linux'
htmldir='${docdir}'
includedir='${prefix}/include'
infodir='${datarootdir}/info'
libcurl='enabled'
libdir='${exec_prefix}/lib'
libexecdir='${exec_prefix}/libexec'
localedir='${datarootdir}/locale'
localstatedir='${prefix}/var'
mandir='${datarootdir}/man'
oldincludedir='/usr/include'
pc_requires=''
pdfdir='${docdir}'
plugindir='$(libexecdir)/htslib'
pluginpath='$(libexecdir)/htslib'
prefix='/usr/local'
private_LIBS=''
program_transform_name='s,x,x,'
psdir='${docdir}'
s3='enabled'
sbindir='${exec_prefix}/sbin'
sharedstatedir='${prefix}/com'
static_LDFLAGS=''
static_LIBS='-lz -lm -lcurl -lcrypto'
sysconfdir='${prefix}/etc'
target_alias=''

## ----------- ##
## confdefs.h. ##
## ----------- ##

/* confdefs.h */
#define PACKAGE_NAME "HTSlib"
#define PACKAGE_TARNAME "htslib"
#define PACKAGE_VERSION "1.4.1"
#define PACKAGE_STRING "HTSlib 1.4.1"
#define PACKAGE_BUGREPORT "samtools-help@lists.sourceforge.net"
#define PACKAGE_URL "http://www.htslib.org/"
#define STDC_HEADERS 1
#define HAVE_SYS_TYPES_H 1
#define HAVE_SYS_STAT_H 1
#define HAVE_STDLIB_H 1
#define HAVE_STRING_H 1
#define HAVE_MEMORY_H 1
#define HAVE_STRINGS_H 1
#define HAVE_INTTYPES_H 1
#define HAVE_STDINT_H 1
#define HAVE_UNISTD_H 1
#define HAVE_STDLIB_H 1
#define HAVE_UNISTD_H 1
#define HAVE_SYS_PARAM_H 1
#define HAVE_GETPAGESIZE 1
#define HAVE_MMAP 1
#define HAVE_GMTIME_R 1
#define HAVE_FDATASYNC 1
#define HAVE_LIBZ 1
#define HAVE_LIBCURL 1
#define ENABLE_GCS 1
#define HAVE_HMAC 1
#define ENABLE_S3 1

configure: exit 0
